  main.cpp
c:\dev\sfml_asteroids\main.cpp(30): warning C4244: =: преобразование "int" в "float", возможна потеря данных
c:\dev\sfml_asteroids\main.cpp(32): warning C4244: =: преобразование "int" в "float", возможна потеря данных
c:\dev\sfml_asteroids\main.cpp(56): warning C4244: =: преобразование "int" в "float", возможна потеря данных
c:\dev\sfml_asteroids\main.cpp(57): warning C4244: =: преобразование "int" в "float", возможна потеря данных
c:\dev\sfml_asteroids\main.cpp(71): warning C4244: =: преобразование "int" в "float", возможна потеря данных
c:\dev\sfml_asteroids\main.cpp(72): warning C4244: =: преобразование "int" в "float", возможна потеря данных
c:\dev\sfml_asteroids\main.cpp(82): warning C4244: =: преобразование "int" в "float", возможна потеря данных
c:\dev\sfml_asteroids\main.cpp(83): warning C4244: =: преобразование "int" в "float", возможна потеря данных
c:\dev\sfml_asteroids\main.cpp(96): warning C4244: =: преобразование "int" в "float", возможна потеря данных
c:\dev\sfml_asteroids\main.cpp(97): warning C4244: =: преобразование "int" в "float", возможна потеря данных
c:\dev\sfml_asteroids\main.cpp(146): warning C4244: +=: преобразование "double" в "float", возможна потеря данных
c:\dev\sfml_asteroids\main.cpp(147): warning C4244: +=: преобразование "double" в "float", возможна потеря данных
c:\dev\sfml_asteroids\main.cpp(151): warning C4305: *=: усечение из "double" в "float"
c:\dev\sfml_asteroids\main.cpp(152): warning C4305: *=: усечение из "double" в "float"
c:\dev\sfml_asteroids\main.cpp(167): warning C4244: =: преобразование "int" в "float", возможна потеря данных
c:\dev\sfml_asteroids\main.cpp(169): warning C4244: =: преобразование "int" в "float", возможна потеря данных
c:\dev\sfml_asteroids\main.cpp(184): warning C4018: <: несоответствие типов со знаком и без знака
c:\dev\sfml_asteroids\main.cpp(200): warning C4244: аргумент: преобразование "time_t" в "unsigned int", возможна потеря данных
c:\dev\sfml_asteroids\main.cpp(255): warning C4244: аргумент: преобразование "int" в "float", возможна потеря данных
c:\dev\sfml_asteroids\main.cpp(261): warning C4244: аргумент: преобразование "int" в "float", возможна потеря данных
c:\dev\sfml_asteroids\main.cpp(292): warning C4244: аргумент: преобразование "float" в "int", возможна потеря данных
c:\dev\sfml_asteroids\main.cpp(318): warning C4244: аргумент: преобразование "int" в "float", возможна потеря данных
c:\dev\sfml_asteroids\main.cpp(318): warning C4244: аргумент: преобразование "float" в "int", возможна потеря данных
  SFML_Asteroids.vcxproj -> C:\dev\SFML_Asteroids\Debug\SFML_Asteroids.exe
